2021-04-14 16:39:33,775 [main] ERROR o.s.boot.SpringApplication 858 - Application run failed
java.lang.IllegalStateException: java.lang.IllegalStateException: Logback configuration error detected: 
ERROR in ch.qos.logback.core.joran.spi.Interpreter@15:58 - no applicable action for [property], current ElementPath  is [[configuration][appender][property]]
ERROR in ch.qos.logback.core.joran.spi.Interpreter@16:55 - no applicable action for [property], current ElementPath  is [[configuration][appender][property]]
ERROR in ch.qos.logback.core.joran.spi.Interpreter@36:19 - no applicable action for [totalSizeCap], current ElementPath  is [[configuration][appender][totalSizeCap]]
ERROR in ch.qos.logback.core.joran.spi.Interpreter@62:19 - no applicable action for [totalSizeCap], current ElementPath  is [[configuration][appender][totalSizeCap]]
	at org.springframework.boot.context.logging.LoggingApplicationListener.initializeSystem(LoggingApplicationListener.java:305)
	at org.springframework.boot.context.logging.LoggingApplicationListener.initialize(LoggingApplicationListener.java:266)
	at org.springframework.boot.context.logging.LoggingApplicationListener.onApplicationEnvironmentPreparedEvent(LoggingApplicationListener.java:229)
	at org.springframework.boot.context.logging.LoggingApplicationListener.onApplicationEvent(LoggingApplicationListener.java:202)
	at org.springframework.context.event.SimpleApplicationEventMulticaster.doInvokeListener(SimpleApplicationEventMulticaster.java:172)
	at org.springframework.context.event.SimpleApplicationEventMulticaster.invokeListener(SimpleApplicationEventMulticaster.java:165)
	at org.springframework.context.event.SimpleApplicationEventMulticaster.multicastEvent(SimpleApplicationEventMulticaster.java:139)
	at org.springframework.context.event.SimpleApplicationEventMulticaster.multicastEvent(SimpleApplicationEventMulticaster.java:127)
	at org.springframework.boot.context.event.EventPublishingRunListener.environmentPrepared(EventPublishingRunListener.java:75)
	at org.springframework.boot.SpringApplicationRunListeners.environmentPrepared(SpringApplicationRunListeners.java:54)
	at org.springframework.boot.SpringApplication.prepareEnvironment(SpringApplication.java:347)
	at org.springframework.boot.SpringApplication.run(SpringApplication.java:306)
	at org.springframework.boot.SpringApplication.run(SpringApplication.java:1260)
	at org.springframework.boot.SpringApplication.run(SpringApplication.java:1248)
	at com.jyzw.ItemApplication.main(ItemApplication.java:15)
Caused by: java.lang.IllegalStateException: Logback configuration error detected: 
ERROR in ch.qos.logback.core.joran.spi.Interpreter@15:58 - no applicable action for [property], current ElementPath  is [[configuration][appender][property]]
ERROR in ch.qos.logback.core.joran.spi.Interpreter@16:55 - no applicable action for [property], current ElementPath  is [[configuration][appender][property]]
ERROR in ch.qos.logback.core.joran.spi.Interpreter@36:19 - no applicable action for [totalSizeCap], current ElementPath  is [[configuration][appender][totalSizeCap]]
ERROR in ch.qos.logback.core.joran.spi.Interpreter@62:19 - no applicable action for [totalSizeCap], current ElementPath  is [[configuration][appender][totalSizeCap]]
	at org.springframework.boot.logging.logback.LogbackLoggingSystem.loadConfiguration(LogbackLoggingSystem.java:169)
	at org.springframework.boot.logging.AbstractLoggingSystem.initializeWithSpecificConfig(AbstractLoggingSystem.java:67)
	at org.springframework.boot.logging.AbstractLoggingSystem.initialize(AbstractLoggingSystem.java:57)
	at org.springframework.boot.logging.logback.LogbackLoggingSystem.initialize(LogbackLoggingSystem.java:117)
	at org.springframework.boot.context.logging.LoggingApplicationListener.initializeSystem(LoggingApplicationListener.java:298)
	... 14 common frames omitted
2021-04-14 18:55:14,886 [main] ERROR o.s.boot.SpringApplication 858 - Application run failed
java.lang.IllegalStateException: java.lang.IllegalStateException: Logback configuration error detected: 
ERROR in ch.qos.logback.core.joran.spi.Interpreter@15:58 - no applicable action for [property], current ElementPath  is [[configuration][appender][property]]
ERROR in ch.qos.logback.core.joran.spi.Interpreter@16:55 - no applicable action for [property], current ElementPath  is [[configuration][appender][property]]
ERROR in ch.qos.logback.core.joran.spi.Interpreter@36:19 - no applicable action for [totalSizeCap], current ElementPath  is [[configuration][appender][totalSizeCap]]
ERROR in ch.qos.logback.core.joran.spi.Interpreter@62:19 - no applicable action for [totalSizeCap], current ElementPath  is [[configuration][appender][totalSizeCap]]
	at org.springframework.boot.context.logging.LoggingApplicationListener.initializeSystem(LoggingApplicationListener.java:305)
	at org.springframework.boot.context.logging.LoggingApplicationListener.initialize(LoggingApplicationListener.java:266)
	at org.springframework.boot.context.logging.LoggingApplicationListener.onApplicationEnvironmentPreparedEvent(LoggingApplicationListener.java:229)
	at org.springframework.boot.context.logging.LoggingApplicationListener.onApplicationEvent(LoggingApplicationListener.java:202)
	at org.springframework.context.event.SimpleApplicationEventMulticaster.doInvokeListener(SimpleApplicationEventMulticaster.java:172)
	at org.springframework.context.event.SimpleApplicationEventMulticaster.invokeListener(SimpleApplicationEventMulticaster.java:165)
	at org.springframework.context.event.SimpleApplicationEventMulticaster.multicastEvent(SimpleApplicationEventMulticaster.java:139)
	at org.springframework.context.event.SimpleApplicationEventMulticaster.multicastEvent(SimpleApplicationEventMulticaster.java:127)
	at org.springframework.boot.context.event.EventPublishingRunListener.environmentPrepared(EventPublishingRunListener.java:75)
	at org.springframework.boot.SpringApplicationRunListeners.environmentPrepared(SpringApplicationRunListeners.java:54)
	at org.springframework.boot.SpringApplication.prepareEnvironment(SpringApplication.java:347)
	at org.springframework.boot.SpringApplication.run(SpringApplication.java:306)
	at org.springframework.boot.SpringApplication.run(SpringApplication.java:1260)
	at org.springframework.boot.SpringApplication.run(SpringApplication.java:1248)
	at com.jyzw.ItemApplication.main(ItemApplication.java:15)
Caused by: java.lang.IllegalStateException: Logback configuration error detected: 
ERROR in ch.qos.logback.core.joran.spi.Interpreter@15:58 - no applicable action for [property], current ElementPath  is [[configuration][appender][property]]
ERROR in ch.qos.logback.core.joran.spi.Interpreter@16:55 - no applicable action for [property], current ElementPath  is [[configuration][appender][property]]
ERROR in ch.qos.logback.core.joran.spi.Interpreter@36:19 - no applicable action for [totalSizeCap], current ElementPath  is [[configuration][appender][totalSizeCap]]
ERROR in ch.qos.logback.core.joran.spi.Interpreter@62:19 - no applicable action for [totalSizeCap], current ElementPath  is [[configuration][appender][totalSizeCap]]
	at org.springframework.boot.logging.logback.LogbackLoggingSystem.loadConfiguration(LogbackLoggingSystem.java:169)
	at org.springframework.boot.logging.AbstractLoggingSystem.initializeWithSpecificConfig(AbstractLoggingSystem.java:67)
	at org.springframework.boot.logging.AbstractLoggingSystem.initialize(AbstractLoggingSystem.java:57)
	at org.springframework.boot.logging.logback.LogbackLoggingSystem.initialize(LogbackLoggingSystem.java:117)
	at org.springframework.boot.context.logging.LoggingApplicationListener.initializeSystem(LoggingApplicationListener.java:298)
	... 14 common frames omitted
